Determining if the include file malloc/malloc.h exists failed with the following output:
Change Dir: /home/grvermeer/seheecho/DirectXShaderCompiler/builds/CMakeFiles/CMakeTmp

Run Build Command(s):/usr/bin/ninja cmTC_68dda && [1/2] Building C object CMakeFiles/cmTC_68dda.dir/CheckIncludeFile.c.o
FAILED: CMakeFiles/cmTC_68dda.dir/CheckIncludeFile.c.o 
/usr/bin/cc    -o CMakeFiles/cmTC_68dda.dir/CheckIncludeFile.c.o -c /home/grvermeer/seheecho/DirectXShaderCompiler/builds/CMakeFiles/CMakeTmp/CheckIncludeFile.c
/home/grvermeer/seheecho/DirectXShaderCompiler/builds/CMakeFiles/CMakeTmp/CheckIncludeFile.c:1:10: fatal error: malloc/malloc.h: No such file or directory
    1 | #include <malloc/malloc.h>
      |          ^~~~~~~~~~~~~~~~~
compilation terminated.
ninja: build stopped: subcommand failed.



Determining if the include file ndir.h exists failed with the following output:
Change Dir: /home/grvermeer/seheecho/DirectXShaderCompiler/builds/CMakeFiles/CMakeTmp

Run Build Command(s):/usr/bin/ninja cmTC_74853 && [1/2] Building C object CMakeFiles/cmTC_74853.dir/CheckIncludeFile.c.o
FAILED: CMakeFiles/cmTC_74853.dir/CheckIncludeFile.c.o 
/usr/bin/cc    -o CMakeFiles/cmTC_74853.dir/CheckIncludeFile.c.o -c /home/grvermeer/seheecho/DirectXShaderCompiler/builds/CMakeFiles/CMakeTmp/CheckIncludeFile.c
/home/grvermeer/seheecho/DirectXShaderCompiler/builds/CMakeFiles/CMakeTmp/CheckIncludeFile.c:1:10: fatal error: ndir.h: No such file or directory
    1 | #include <ndir.h>
      |          ^~~~~~~~
compilation terminated.
ninja: build stopped: subcommand failed.



Determining if the include file sys/ndir.h exists failed with the following output:
Change Dir: /home/grvermeer/seheecho/DirectXShaderCompiler/builds/CMakeFiles/CMakeTmp

Run Build Command(s):/usr/bin/ninja cmTC_d5820 && [1/2] Building C object CMakeFiles/cmTC_d5820.dir/CheckIncludeFile.c.o
FAILED: CMakeFiles/cmTC_d5820.dir/CheckIncludeFile.c.o 
/usr/bin/cc    -o CMakeFiles/cmTC_d5820.dir/CheckIncludeFile.c.o -c /home/grvermeer/seheecho/DirectXShaderCompiler/builds/CMakeFiles/CMakeTmp/CheckIncludeFile.c
/home/grvermeer/seheecho/DirectXShaderCompiler/builds/CMakeFiles/CMakeTmp/CheckIncludeFile.c:1:10: fatal error: sys/ndir.h: No such file or directory
    1 | #include <sys/ndir.h>
      |          ^~~~~~~~~~~~
compilation terminated.
ninja: build stopped: subcommand failed.



Determining if the include file valgrind/valgrind.h exists failed with the following output:
Change Dir: /home/grvermeer/seheecho/DirectXShaderCompiler/builds/CMakeFiles/CMakeTmp

Run Build Command(s):/usr/bin/ninja cmTC_b5c3c && [1/2] Building C object CMakeFiles/cmTC_b5c3c.dir/CheckIncludeFile.c.o
FAILED: CMakeFiles/cmTC_b5c3c.dir/CheckIncludeFile.c.o 
/usr/bin/cc    -o CMakeFiles/cmTC_b5c3c.dir/CheckIncludeFile.c.o -c /home/grvermeer/seheecho/DirectXShaderCompiler/builds/CMakeFiles/CMakeTmp/CheckIncludeFile.c
/home/grvermeer/seheecho/DirectXShaderCompiler/builds/CMakeFiles/CMakeTmp/CheckIncludeFile.c:1:10: fatal error: valgrind/valgrind.h: No such file or directory
    1 | #include <valgrind/valgrind.h>
      |          ^~~~~~~~~~~~~~~~~~~~~
compilation terminated.
ninja: build stopped: subcommand failed.



Determining if the include file zlib.h exists failed with the following output:
Change Dir: /home/grvermeer/seheecho/DirectXShaderCompiler/builds/CMakeFiles/CMakeTmp

Run Build Command(s):/usr/bin/ninja cmTC_7c55a && [1/2] Building C object CMakeFiles/cmTC_7c55a.dir/CheckIncludeFile.c.o
FAILED: CMakeFiles/cmTC_7c55a.dir/CheckIncludeFile.c.o 
/usr/bin/cc    -o CMakeFiles/cmTC_7c55a.dir/CheckIncludeFile.c.o -c /home/grvermeer/seheecho/DirectXShaderCompiler/builds/CMakeFiles/CMakeTmp/CheckIncludeFile.c
/home/grvermeer/seheecho/DirectXShaderCompiler/builds/CMakeFiles/CMakeTmp/CheckIncludeFile.c:1:10: fatal error: zlib.h: No such file or directory
    1 | #include <zlib.h>
      |          ^~~~~~~~
compilation terminated.
ninja: build stopped: subcommand failed.



Determining if the include file mach/mach.h exists failed with the following output:
Change Dir: /home/grvermeer/seheecho/DirectXShaderCompiler/builds/CMakeFiles/CMakeTmp

Run Build Command(s):/usr/bin/ninja cmTC_59016 && [1/2] Building C object CMakeFiles/cmTC_59016.dir/CheckIncludeFile.c.o
FAILED: CMakeFiles/cmTC_59016.dir/CheckIncludeFile.c.o 
/usr/bin/cc    -o CMakeFiles/cmTC_59016.dir/CheckIncludeFile.c.o -c /home/grvermeer/seheecho/DirectXShaderCompiler/builds/CMakeFiles/CMakeTmp/CheckIncludeFile.c
/home/grvermeer/seheecho/DirectXShaderCompiler/builds/CMakeFiles/CMakeTmp/CheckIncludeFile.c:1:10: fatal error: mach/mach.h: No such file or directory
    1 | #include <mach/mach.h>
      |          ^~~~~~~~~~~~~
compilation terminated.
ninja: build stopped: subcommand failed.



Determining if the include file mach-o/dyld.h exists failed with the following output:
Change Dir: /home/grvermeer/seheecho/DirectXShaderCompiler/builds/CMakeFiles/CMakeTmp

Run Build Command(s):/usr/bin/ninja cmTC_ea809 && [1/2] Building C object CMakeFiles/cmTC_ea809.dir/CheckIncludeFile.c.o
FAILED: CMakeFiles/cmTC_ea809.dir/CheckIncludeFile.c.o 
/usr/bin/cc    -o CMakeFiles/cmTC_ea809.dir/CheckIncludeFile.c.o -c /home/grvermeer/seheecho/DirectXShaderCompiler/builds/CMakeFiles/CMakeTmp/CheckIncludeFile.c
/home/grvermeer/seheecho/DirectXShaderCompiler/builds/CMakeFiles/CMakeTmp/CheckIncludeFile.c:1:10: fatal error: mach-o/dyld.h: No such file or directory
    1 | #include <mach-o/dyld.h>
      |          ^~~~~~~~~~~~~~~
compilation terminated.
ninja: build stopped: subcommand failed.



Determining if the include file histedit.h exists failed with the following output:
Change Dir: /home/grvermeer/seheecho/DirectXShaderCompiler/builds/CMakeFiles/CMakeTmp

Run Build Command(s):/usr/bin/ninja cmTC_0619e && [1/2] Building C object CMakeFiles/cmTC_0619e.dir/CheckIncludeFile.c.o
FAILED: CMakeFiles/cmTC_0619e.dir/CheckIncludeFile.c.o 
/usr/bin/cc    -o CMakeFiles/cmTC_0619e.dir/CheckIncludeFile.c.o -c /home/grvermeer/seheecho/DirectXShaderCompiler/builds/CMakeFiles/CMakeTmp/CheckIncludeFile.c
/home/grvermeer/seheecho/DirectXShaderCompiler/builds/CMakeFiles/CMakeTmp/CheckIncludeFile.c:1:10: fatal error: histedit.h: No such file or directory
    1 | #include <histedit.h>
      |          ^~~~~~~~~~~~
compilation terminated.
ninja: build stopped: subcommand failed.



Determining if the function compress2 exists in the z failed with the following output:
Change Dir: /home/grvermeer/seheecho/DirectXShaderCompiler/builds/CMakeFiles/CMakeTmp

Run Build Command(s):/usr/bin/ninja cmTC_63a01 && [1/2] Building C object CMakeFiles/cmTC_63a01.dir/CheckFunctionExists.c.o
[2/2] Linking C executable cmTC_63a01
FAILED: cmTC_63a01 
: && /usr/bin/cc -DCHECK_FUNCTION_EXISTS=compress2  CMakeFiles/cmTC_63a01.dir/CheckFunctionExists.c.o -o cmTC_63a01  -lz  -lm && :
/usr/bin/ld: cannot find -lz: No such file or directory
collect2: error: ld returned 1 exit status
ninja: build stopped: subcommand failed.



Determining if the arc4random exist failed with the following output:
Change Dir: /home/grvermeer/seheecho/DirectXShaderCompiler/builds/CMakeFiles/CMakeTmp

Run Build Command(s):/usr/bin/ninja cmTC_e7ef8 && [1/2] Building C object CMakeFiles/cmTC_e7ef8.dir/CheckSymbolExists.c.o
FAILED: CMakeFiles/cmTC_e7ef8.dir/CheckSymbolExists.c.o 
/usr/bin/cc    -o CMakeFiles/cmTC_e7ef8.dir/CheckSymbolExists.c.o -c /home/grvermeer/seheecho/DirectXShaderCompiler/builds/CMakeFiles/CMakeTmp/CheckSymbolExists.c
/home/grvermeer/seheecho/DirectXShaderCompiler/builds/CMakeFiles/CMakeTmp/CheckSymbolExists.c: In function ‘main’:
/home/grvermeer/seheecho/DirectXShaderCompiler/builds/CMakeFiles/CMakeTmp/CheckSymbolExists.c:8:19: error: ‘arc4random’ undeclared (first use in this function); did you mean ‘srandom’?
    8 |   return ((int*)(&arc4random))[argc];
      |                   ^~~~~~~~~~
      |                   srandom
/home/grvermeer/seheecho/DirectXShaderCompiler/builds/CMakeFiles/CMakeTmp/CheckSymbolExists.c:8:19: note: each undeclared identifier is reported only once for each function it appears in
ninja: build stopped: subcommand failed.


File /home/grvermeer/seheecho/DirectXShaderCompiler/builds/CMakeFiles/CMakeTmp/CheckSymbolExists.c:
/* */
#include <stdlib.h>

int main(int argc, char** argv)
{
  (void)argv;
#ifndef arc4random
  return ((int*)(&arc4random))[argc];
#else
  (void)argc;
  return 0;
#endif
}
Determining if the mallctl exist failed with the following output:
Change Dir: /home/grvermeer/seheecho/DirectXShaderCompiler/builds/CMakeFiles/CMakeTmp

Run Build Command(s):/usr/bin/ninja cmTC_b8f6b && [1/2] Building C object CMakeFiles/cmTC_b8f6b.dir/CheckSymbolExists.c.o
FAILED: CMakeFiles/cmTC_b8f6b.dir/CheckSymbolExists.c.o 
/usr/bin/cc    -o CMakeFiles/cmTC_b8f6b.dir/CheckSymbolExists.c.o -c /home/grvermeer/seheecho/DirectXShaderCompiler/builds/CMakeFiles/CMakeTmp/CheckSymbolExists.c
/home/grvermeer/seheecho/DirectXShaderCompiler/builds/CMakeFiles/CMakeTmp/CheckSymbolExists.c:2:10: fatal error: malloc_np.h: No such file or directory
    2 | #include <malloc_np.h>
      |          ^~~~~~~~~~~~~
compilation terminated.
ninja: build stopped: subcommand failed.


File /home/grvermeer/seheecho/DirectXShaderCompiler/builds/CMakeFiles/CMakeTmp/CheckSymbolExists.c:
/* */
#include <malloc_np.h>

int main(int argc, char** argv)
{
  (void)argv;
#ifndef mallctl
  return ((int*)(&mallctl))[argc];
#else
  (void)argc;
  return 0;
#endif
}
Determining if the malloc_zone_statistics exist failed with the following output:
Change Dir: /home/grvermeer/seheecho/DirectXShaderCompiler/builds/CMakeFiles/CMakeTmp

Run Build Command(s):/usr/bin/ninja cmTC_10b45 && [1/2] Building C object CMakeFiles/cmTC_10b45.dir/CheckSymbolExists.c.o
FAILED: CMakeFiles/cmTC_10b45.dir/CheckSymbolExists.c.o 
/usr/bin/cc    -o CMakeFiles/cmTC_10b45.dir/CheckSymbolExists.c.o -c /home/grvermeer/seheecho/DirectXShaderCompiler/builds/CMakeFiles/CMakeTmp/CheckSymbolExists.c
/home/grvermeer/seheecho/DirectXShaderCompiler/builds/CMakeFiles/CMakeTmp/CheckSymbolExists.c:2:10: fatal error: malloc/malloc.h: No such file or directory
    2 | #include <malloc/malloc.h>
      |          ^~~~~~~~~~~~~~~~~
compilation terminated.
ninja: build stopped: subcommand failed.


File /home/grvermeer/seheecho/DirectXShaderCompiler/builds/CMakeFiles/CMakeTmp/CheckSymbolExists.c:
/* */
#include <malloc/malloc.h>

int main(int argc, char** argv)
{
  (void)argv;
#ifndef malloc_zone_statistics
  return ((int*)(&malloc_zone_statistics))[argc];
#else
  (void)argc;
  return 0;
#endif
}
Determining if the strerror_s exist failed with the following output:
Change Dir: /home/grvermeer/seheecho/DirectXShaderCompiler/builds/CMakeFiles/CMakeTmp

Run Build Command(s):/usr/bin/ninja cmTC_ace56 && [1/2] Building C object CMakeFiles/cmTC_ace56.dir/CheckSymbolExists.c.o
FAILED: CMakeFiles/cmTC_ace56.dir/CheckSymbolExists.c.o 
/usr/bin/cc    -o CMakeFiles/cmTC_ace56.dir/CheckSymbolExists.c.o -c /home/grvermeer/seheecho/DirectXShaderCompiler/builds/CMakeFiles/CMakeTmp/CheckSymbolExists.c
/home/grvermeer/seheecho/DirectXShaderCompiler/builds/CMakeFiles/CMakeTmp/CheckSymbolExists.c: In function ‘main’:
/home/grvermeer/seheecho/DirectXShaderCompiler/builds/CMakeFiles/CMakeTmp/CheckSymbolExists.c:8:19: error: ‘strerror_s’ undeclared (first use in this function); did you mean ‘strerror_l’?
    8 |   return ((int*)(&strerror_s))[argc];
      |                   ^~~~~~~~~~
      |                   strerror_l
/home/grvermeer/seheecho/DirectXShaderCompiler/builds/CMakeFiles/CMakeTmp/CheckSymbolExists.c:8:19: note: each undeclared identifier is reported only once for each function it appears in
ninja: build stopped: subcommand failed.


File /home/grvermeer/seheecho/DirectXShaderCompiler/builds/CMakeFiles/CMakeTmp/CheckSymbolExists.c:
/* */
#include <string.h>

int main(int argc, char** argv)
{
  (void)argv;
#ifndef strerror_s
  return ((int*)(&strerror_s))[argc];
#else
  (void)argc;
  return 0;
#endif
}
Performing C SOURCE FILE Test C_SUPPORTS_DEPRECATED_COPY failed with the following output:
Change Dir: /home/grvermeer/seheecho/DirectXShaderCompiler/builds/CMakeFiles/CMakeTmp

Run Build Command(s):/usr/bin/ninja cmTC_fa1c5 && [1/2] Building C object CMakeFiles/cmTC_fa1c5.dir/src.c.o
FAILED: CMakeFiles/cmTC_fa1c5.dir/src.c.o 
/usr/bin/cc -DC_SUPPORTS_DEPRECATED_COPY  -fPIC -Wall -W -Wno-unused-parameter -Wwrite-strings -Wimplicit-fallthrough -Wno-unknown-pragmas -Wno-unused-but-set-variable    -Werror -Wno-deprecated-copy -o CMakeFiles/cmTC_fa1c5.dir/src.c.o -c /home/grvermeer/seheecho/DirectXShaderCompiler/builds/CMakeFiles/CMakeTmp/src.c
cc1: error: command-line option '-Wno-deprecated-copy' is valid for C++/ObjC++ but not for C [-Werror]
cc1: all warnings being treated as errors
ninja: build stopped: subcommand failed.


Source file was:
int main(void) { return 0; }
Performing C SOURCE FILE Test C_WCOMMENT_ALLOWS_LINE_WRAP failed with the following output:
Change Dir: /home/grvermeer/seheecho/DirectXShaderCompiler/builds/CMakeFiles/CMakeTmp

Run Build Command(s):/usr/bin/ninja cmTC_991a7 && [1/2] Building C object CMakeFiles/cmTC_991a7.dir/src.c.o
FAILED: CMakeFiles/cmTC_991a7.dir/src.c.o 
/usr/bin/cc -DC_WCOMMENT_ALLOWS_LINE_WRAP  -fPIC -Wall -W -Wno-unused-parameter -Wwrite-strings -Wimplicit-fallthrough -Wno-unknown-pragmas -Wno-unused-but-set-variable -fdiagnostics-color -Wno-missing-field-initializers -pedantic -Wno-long-long  -Werror -Wcomment -o CMakeFiles/cmTC_991a7.dir/src.c.o -c /home/grvermeer/seheecho/DirectXShaderCompiler/builds/CMakeFiles/CMakeTmp/src.c
/home/grvermeer/seheecho/DirectXShaderCompiler/builds/CMakeFiles/CMakeTmp/src.c:1:1: error: multi-line comment [-Werror=comment]
    1 | // \
      | ^
cc1: all warnings being treated as errors
ninja: build stopped: subcommand failed.


Source file was:
// \
//
int main() {return 0;}
Performing C++ SOURCE FILE Test CXX_SUPPORTS_NO_NESTED_ANON_TYPES_FLAG failed with the following output:
Change Dir: /home/grvermeer/seheecho/DirectXShaderCompiler/builds/CMakeFiles/CMakeTmp

Run Build Command(s):/usr/bin/ninja cmTC_34774 && [1/2] Building CXX object CMakeFiles/cmTC_34774.dir/src.cxx.o
FAILED: CMakeFiles/cmTC_34774.dir/src.cxx.o 
/usr/bin/c++ -DCXX_SUPPORTS_NO_NESTED_ANON_TYPES_FLAG  -fPIC -fvisibility-inlines-hidden -fvisibility=hidden -Wall -W -Wno-unused-parameter -Wwrite-strings -Wimplicit-fallthrough -Wcast-qual -Wno-unknown-pragmas -Wno-unused-but-set-variable -Wno-deprecated-copy -fdiagnostics-color -std=c++11 -Wno-missing-field-initializers -pedantic -Wno-long-long -Wno-switch -Wno-maybe-uninitialized -Wno-comment -std=c++14 -ffunction-sections -fdata-sections -fno-common -Woverloaded-virtual -fno-strict-aliasing    -Werror -Wnested-anon-types -o CMakeFiles/cmTC_34774.dir/src.cxx.o -c /home/grvermeer/seheecho/DirectXShaderCompiler/builds/CMakeFiles/CMakeTmp/src.cxx
c++: error: unrecognized command-line option '-Wnested-anon-types'
ninja: build stopped: subcommand failed.


Source file was:
int main() { return 0; }
